GowinSynthesis start
Running parser ...
Analyzing Verilog file '/n9k/share/gwsw/gowin_new/Gowin/V1.9/release/IDE/ipcore/SERDES_IP/IPlib/JESD204B/data/jesd204b_core_encryption.v'
Analyzing included file 'top_define.vh'("/n9k/share/gwsw/gowin_new/Gowin/V1.9/release/IDE/ipcore/SERDES_IP/IPlib/JESD204B/data/jesd204b_core_encryption.v":14005)
Back to file '/n9k/share/gwsw/gowin_new/Gowin/V1.9/release/IDE/ipcore/SERDES_IP/IPlib/JESD204B/data/jesd204b_core_encryption.v'("/n9k/share/gwsw/gowin_new/Gowin/V1.9/release/IDE/ipcore/SERDES_IP/IPlib/JESD204B/data/jesd204b_core_encryption.v":14005)
Analyzing included file '/n9k/share/gwsw/gowin_new/Gowin/V1.9/release/IDE/ipcore/SERDES_IP/IPlib/JESD204B/data/static_macro_define.vh'("/n9k/share/gwsw/gowin_new/Gowin/V1.9/release/IDE/ipcore/SERDES_IP/IPlib/JESD204B/data/jesd204b_core_encryption.v":14005)
Back to file '/n9k/share/gwsw/gowin_new/Gowin/V1.9/release/IDE/ipcore/SERDES_IP/IPlib/JESD204B/data/jesd204b_core_encryption.v'("/n9k/share/gwsw/gowin_new/Gowin/V1.9/release/IDE/ipcore/SERDES_IP/IPlib/JESD204B/data/jesd204b_core_encryption.v":14005)
WARN  (EX2478) : Non-net output port 'o_rx_fram_valid' cannot be initialized at declaration in SystemVerilog mode("/n9k/share/gwsw/gowin_new/Gowin/V1.9/release/IDE/ipcore/SERDES_IP/IPlib/JESD204B/data/jesd204b_core_encryption.v":14005)
WARN  (EX3801) : Parameter 'K28_5' becomes localparam in '~jesd_204b_rxflag_gen.JESD204B_Top' with formal parameter declaration list("/n9k/share/gwsw/gowin_new/Gowin/V1.9/release/IDE/ipcore/SERDES_IP/IPlib/JESD204B/data/jesd204b_core_encryption.v":14005)
WARN  (EX3788) : Block identifier is required on this block("/n9k/share/gwsw/gowin_new/Gowin/V1.9/release/IDE/ipcore/SERDES_IP/IPlib/JESD204B/data/jesd204b_core_encryption.v":14005)
Analyzing Verilog file '/n9k/share/gwsw/gowin_new/Gowin/V1.9/release/IDE/ipcore/SERDES_IP/IPlib/JESD204B/data/jesd204b_top.v'
Analyzing included file 'top_define.vh'("/n9k/share/gwsw/gowin_new/Gowin/V1.9/release/IDE/ipcore/SERDES_IP/IPlib/JESD204B/data/jesd204b_top.v":1)
Back to file '/n9k/share/gwsw/gowin_new/Gowin/V1.9/release/IDE/ipcore/SERDES_IP/IPlib/JESD204B/data/jesd204b_top.v'("/n9k/share/gwsw/gowin_new/Gowin/V1.9/release/IDE/ipcore/SERDES_IP/IPlib/JESD204B/data/jesd204b_top.v":1)
Analyzing included file '/n9k/share/gwsw/gowin_new/Gowin/V1.9/release/IDE/ipcore/SERDES_IP/IPlib/JESD204B/data/static_macro_define.vh'("/n9k/share/gwsw/gowin_new/Gowin/V1.9/release/IDE/ipcore/SERDES_IP/IPlib/JESD204B/data/jesd204b_top.v":2)
Back to file '/n9k/share/gwsw/gowin_new/Gowin/V1.9/release/IDE/ipcore/SERDES_IP/IPlib/JESD204B/data/jesd204b_top.v'("/n9k/share/gwsw/gowin_new/Gowin/V1.9/release/IDE/ipcore/SERDES_IP/IPlib/JESD204B/data/jesd204b_top.v":2)
Analyzing included file 'jesd204b_top_defines.vh'("/n9k/share/gwsw/gowin_new/Gowin/V1.9/release/IDE/ipcore/SERDES_IP/IPlib/JESD204B/data/jesd204b_top.v":3)
Back to file '/n9k/share/gwsw/gowin_new/Gowin/V1.9/release/IDE/ipcore/SERDES_IP/IPlib/JESD204B/data/jesd204b_top.v'("/n9k/share/gwsw/gowin_new/Gowin/V1.9/release/IDE/ipcore/SERDES_IP/IPlib/JESD204B/data/jesd204b_top.v":3)
WARN  (EX3073) : Port 'user_drp_clk_o' remains unconnected for this instance("/n9k/share/gwsw/gowin_new/Gowin/V1.9/release/IDE/ipcore/SERDES_IP/IPlib/JESD204B/data/jesd204b_top.v":484)
Compiling module 'JESD204B_Top'("/n9k/share/gwsw/gowin_new/Gowin/V1.9/release/IDE/ipcore/SERDES_IP/IPlib/JESD204B/data/jesd204b_top.v":11)
Compiling module '**'("/n9k/share/gwsw/gowin_new/Gowin/V1.9/release/IDE/ipcore/SERDES_IP/IPlib/JESD204B/data/jesd204b_core_encryption.v":14005)
WARN  (EX3780) : Using initial value of '**' since it is never assigned("/n9k/share/gwsw/gowin_new/Gowin/V1.9/release/IDE/ipcore/SERDES_IP/IPlib/JESD204B/data/jesd204b_core_encryption.v":14005)
WARN  (EX3791) : Expression size ** truncated to fit in target size **("/n9k/share/gwsw/gowin_new/Gowin/V1.9/release/IDE/ipcore/SERDES_IP/IPlib/JESD204B/data/jesd204b_core_encryption.v":14005)
Extracting RAM for identifier '**'("/n9k/share/gwsw/gowin_new/Gowin/V1.9/release/IDE/ipcore/SERDES_IP/IPlib/JESD204B/data/jesd204b_core_encryption.v":14005)
WARN  (EX3670) : Actual bit length ** differs from formal bit length *** for port '**'("/n9k/share/gwsw/gowin_new/Gowin/V1.9/release/IDE/ipcore/SERDES_IP/IPlib/JESD204B/data/jesd204b_core_encryption.v":14005)
WARN  (EX1998) : Net '**' does not have a driver("/n9k/share/gwsw/gowin_new/Gowin/V1.9/release/IDE/ipcore/SERDES_IP/IPlib/JESD204B/data/jesd204b_core_encryption.v":14005)
WARN  (EX3670) : Actual bit length 9 differs from formal bit length 8 for port 'rx_data_err_o'("/n9k/share/gwsw/gowin_new/Gowin/V1.9/release/IDE/ipcore/SERDES_IP/IPlib/JESD204B/data/jesd204b_top.v":416)
WARN  (EX2565) : Input 'user_drp_addr_i[23]' on this instance is undriven. Assigning to 0, simulation mismatch possible. Please assign the input or remove the declaration("/n9k/share/gwsw/gowin_new/Gowin/V1.9/release/IDE/ipcore/SERDES_IP/IPlib/JESD204B/data/jesd204b_top.v":484)
WARN  (EX2565) : Input 'user_drp_addr_i[22]' on this instance is undriven. Assigning to 0, simulation mismatch possible. Please assign the input or remove the declaration("/n9k/share/gwsw/gowin_new/Gowin/V1.9/release/IDE/ipcore/SERDES_IP/IPlib/JESD204B/data/jesd204b_top.v":484)
WARN  (EX2565) : Input 'user_drp_addr_i[21]' on this instance is undriven. Assigning to 0, simulation mismatch possible. Please assign the input or remove the declaration("/n9k/share/gwsw/gowin_new/Gowin/V1.9/release/IDE/ipcore/SERDES_IP/IPlib/JESD204B/data/jesd204b_top.v":484)
WARN  (EX2565) : Input 'user_drp_addr_i[20]' on this instance is undriven. Assigning to 0, simulation mismatch possible. Please assign the input or remove the declaration("/n9k/share/gwsw/gowin_new/Gowin/V1.9/release/IDE/ipcore/SERDES_IP/IPlib/JESD204B/data/jesd204b_top.v":484)
WARN  (EX2565) : Input 'user_drp_addr_i[19]' on this instance is undriven. Assigning to 0, simulation mismatch possible. Please assign the input or remove the declaration("/n9k/share/gwsw/gowin_new/Gowin/V1.9/release/IDE/ipcore/SERDES_IP/IPlib/JESD204B/data/jesd204b_top.v":484)
WARN  (EX2565) : Input 'user_drp_addr_i[18]' on this instance is undriven. Assigning to 0, simulation mismatch possible. Please assign the input or remove the declaration("/n9k/share/gwsw/gowin_new/Gowin/V1.9/release/IDE/ipcore/SERDES_IP/IPlib/JESD204B/data/jesd204b_top.v":484)
WARN  (EX2565) : Input 'user_drp_addr_i[17]' on this instance is undriven. Assigning to 0, simulation mismatch possible. Please assign the input or remove the declaration("/n9k/share/gwsw/gowin_new/Gowin/V1.9/release/IDE/ipcore/SERDES_IP/IPlib/JESD204B/data/jesd204b_top.v":484)
WARN  (EX2565) : Input 'user_drp_addr_i[16]' on this instance is undriven. Assigning to 0, simulation mismatch possible. Please assign the input or remove the declaration("/n9k/share/gwsw/gowin_new/Gowin/V1.9/release/IDE/ipcore/SERDES_IP/IPlib/JESD204B/data/jesd204b_top.v":484)
WARN  (EX2565) : Input 'user_drp_addr_i[15]' on this instance is undriven. Assigning to 0, simulation mismatch possible. Please assign the input or remove the declaration("/n9k/share/gwsw/gowin_new/Gowin/V1.9/release/IDE/ipcore/SERDES_IP/IPlib/JESD204B/data/jesd204b_top.v":484)
WARN  (EX2565) : Input 'user_drp_addr_i[14]' on this instance is undriven. Assigning to 0, simulation mismatch possible. Please assign the input or remove the declaration("/n9k/share/gwsw/gowin_new/Gowin/V1.9/release/IDE/ipcore/SERDES_IP/IPlib/JESD204B/data/jesd204b_top.v":484)
WARN  (EX2565) : Input 'user_drp_addr_i[13]' on this instance is undriven. Assigning to 0, simulation mismatch possible. Please assign the input or remove the declaration("/n9k/share/gwsw/gowin_new/Gowin/V1.9/release/IDE/ipcore/SERDES_IP/IPlib/JESD204B/data/jesd204b_top.v":484)
WARN  (EX2565) : Input 'user_drp_addr_i[12]' on this instance is undriven. Assigning to 0, simulation mismatch possible. Please assign the input or remove the declaration("/n9k/share/gwsw/gowin_new/Gowin/V1.9/release/IDE/ipcore/SERDES_IP/IPlib/JESD204B/data/jesd204b_top.v":484)
WARN  (EX2565) : Input 'user_drp_addr_i[11]' on this instance is undriven. Assigning to 0, simulation mismatch possible. Please assign the input or remove the declaration("/n9k/share/gwsw/gowin_new/Gowin/V1.9/release/IDE/ipcore/SERDES_IP/IPlib/JESD204B/data/jesd204b_top.v":484)
WARN  (EX2565) : Input 'user_drp_addr_i[10]' on this instance is undriven. Assigning to 0, simulation mismatch possible. Please assign the input or remove the declaration("/n9k/share/gwsw/gowin_new/Gowin/V1.9/release/IDE/ipcore/SERDES_IP/IPlib/JESD204B/data/jesd204b_top.v":484)
WARN  (EX2565) : Input 'user_drp_addr_i[9]' on this instance is undriven. Assigning to 0, simulation mismatch possible. Please assign the input or remove the declaration("/n9k/share/gwsw/gowin_new/Gowin/V1.9/release/IDE/ipcore/SERDES_IP/IPlib/JESD204B/data/jesd204b_top.v":484)
WARN  (EX2565) : Input 'user_drp_addr_i[8]' on this instance is undriven. Assigning to 0, simulation mismatch possible. Please assign the input or remove the declaration("/n9k/share/gwsw/gowin_new/Gowin/V1.9/release/IDE/ipcore/SERDES_IP/IPlib/JESD204B/data/jesd204b_top.v":484)
WARN  (EX2565) : Input 'user_drp_addr_i[7]' on this instance is undriven. Assigning to 0, simulation mismatch possible. Please assign the input or remove the declaration("/n9k/share/gwsw/gowin_new/Gowin/V1.9/release/IDE/ipcore/SERDES_IP/IPlib/JESD204B/data/jesd204b_top.v":484)
WARN  (EX2565) : Input 'user_drp_addr_i[6]' on this instance is undriven. Assigning to 0, simulation mismatch possible. Please assign the input or remove the declaration("/n9k/share/gwsw/gowin_new/Gowin/V1.9/release/IDE/ipcore/SERDES_IP/IPlib/JESD204B/data/jesd204b_top.v":484)
WARN  (EX2565) : Input 'user_drp_addr_i[5]' on this instance is undriven. Assigning to 0, simulation mismatch possible. Please assign the input or remove the declaration("/n9k/share/gwsw/gowin_new/Gowin/V1.9/release/IDE/ipcore/SERDES_IP/IPlib/JESD204B/data/jesd204b_top.v":484)
WARN  (EX2565) : Input 'user_drp_addr_i[4]' on this instance is undriven. Assigning to 0, simulation mismatch possible. Please assign the input or remove the declaration("/n9k/share/gwsw/gowin_new/Gowin/V1.9/release/IDE/ipcore/SERDES_IP/IPlib/JESD204B/data/jesd204b_top.v":484)
WARN  (EX2565) : Input 'user_drp_addr_i[3]' on this instance is undriven. Assigning to 0, simulation mismatch possible. Please assign the input or remove the declaration("/n9k/share/gwsw/gowin_new/Gowin/V1.9/release/IDE/ipcore/SERDES_IP/IPlib/JESD204B/data/jesd204b_top.v":484)
WARN  (EX2565) : Input 'user_drp_addr_i[2]' on this instance is undriven. Assigning to 0, simulation mismatch possible. Please assign the input or remove the declaration("/n9k/share/gwsw/gowin_new/Gowin/V1.9/release/IDE/ipcore/SERDES_IP/IPlib/JESD204B/data/jesd204b_top.v":484)
WARN  (EX2565) : Input 'user_drp_addr_i[1]' on this instance is undriven. Assigning to 0, simulation mismatch possible. Please assign the input or remove the declaration("/n9k/share/gwsw/gowin_new/Gowin/V1.9/release/IDE/ipcore/SERDES_IP/IPlib/JESD204B/data/jesd204b_top.v":484)
WARN  (EX2565) : Input 'user_drp_addr_i[0]' on this instance is undriven. Assigning to 0, simulation mismatch possible. Please assign the input or remove the declaration("/n9k/share/gwsw/gowin_new/Gowin/V1.9/release/IDE/ipcore/SERDES_IP/IPlib/JESD204B/data/jesd204b_top.v":484)
WARN  (EX2565) : Input 'user_drp_wren_i' on this instance is undriven. Assigning to 0, simulation mismatch possible. Please assign the input or remove the declaration("/n9k/share/gwsw/gowin_new/Gowin/V1.9/release/IDE/ipcore/SERDES_IP/IPlib/JESD204B/data/jesd204b_top.v":484)
WARN  (EX2565) : Input 'user_drp_wrdata_i[31]' on this instance is undriven. Assigning to 0, simulation mismatch possible. Please assign the input or remove the declaration("/n9k/share/gwsw/gowin_new/Gowin/V1.9/release/IDE/ipcore/SERDES_IP/IPlib/JESD204B/data/jesd204b_top.v":484)
WARN  (EX2565) : Input 'user_drp_wrdata_i[30]' on this instance is undriven. Assigning to 0, simulation mismatch possible. Please assign the input or remove the declaration("/n9k/share/gwsw/gowin_new/Gowin/V1.9/release/IDE/ipcore/SERDES_IP/IPlib/JESD204B/data/jesd204b_top.v":484)
WARN  (EX2565) : Input 'user_drp_wrdata_i[29]' on this instance is undriven. Assigning to 0, simulation mismatch possible. Please assign the input or remove the declaration("/n9k/share/gwsw/gowin_new/Gowin/V1.9/release/IDE/ipcore/SERDES_IP/IPlib/JESD204B/data/jesd204b_top.v":484)
WARN  (EX2565) : Input 'user_drp_wrdata_i[28]' on this instance is undriven. Assigning to 0, simulation mismatch possible. Please assign the input or remove the declaration("/n9k/share/gwsw/gowin_new/Gowin/V1.9/release/IDE/ipcore/SERDES_IP/IPlib/JESD204B/data/jesd204b_top.v":484)
WARN  (EX2565) : Input 'user_drp_wrdata_i[27]' on this instance is undriven. Assigning to 0, simulation mismatch possible. Please assign the input or remove the declaration("/n9k/share/gwsw/gowin_new/Gowin/V1.9/release/IDE/ipcore/SERDES_IP/IPlib/JESD204B/data/jesd204b_top.v":484)
WARN  (EX2565) : Input 'user_drp_wrdata_i[26]' on this instance is undriven. Assigning to 0, simulation mismatch possible. Please assign the input or remove the declaration("/n9k/share/gwsw/gowin_new/Gowin/V1.9/release/IDE/ipcore/SERDES_IP/IPlib/JESD204B/data/jesd204b_top.v":484)
WARN  (EX2565) : Input 'user_drp_wrdata_i[25]' on this instance is undriven. Assigning to 0, simulation mismatch possible. Please assign the input or remove the declaration("/n9k/share/gwsw/gowin_new/Gowin/V1.9/release/IDE/ipcore/SERDES_IP/IPlib/JESD204B/data/jesd204b_top.v":484)
WARN  (EX2565) : Input 'user_drp_wrdata_i[24]' on this instance is undriven. Assigning to 0, simulation mismatch possible. Please assign the input or remove the declaration("/n9k/share/gwsw/gowin_new/Gowin/V1.9/release/IDE/ipcore/SERDES_IP/IPlib/JESD204B/data/jesd204b_top.v":484)
WARN  (EX2565) : Input 'user_drp_wrdata_i[23]' on this instance is undriven. Assigning to 0, simulation mismatch possible. Please assign the input or remove the declaration("/n9k/share/gwsw/gowin_new/Gowin/V1.9/release/IDE/ipcore/SERDES_IP/IPlib/JESD204B/data/jesd204b_top.v":484)
WARN  (EX2565) : Input 'user_drp_wrdata_i[22]' on this instance is undriven. Assigning to 0, simulation mismatch possible. Please assign the input or remove the declaration("/n9k/share/gwsw/gowin_new/Gowin/V1.9/release/IDE/ipcore/SERDES_IP/IPlib/JESD204B/data/jesd204b_top.v":484)
WARN  (EX2565) : Input 'user_drp_wrdata_i[21]' on this instance is undriven. Assigning to 0, simulation mismatch possible. Please assign the input or remove the declaration("/n9k/share/gwsw/gowin_new/Gowin/V1.9/release/IDE/ipcore/SERDES_IP/IPlib/JESD204B/data/jesd204b_top.v":484)
WARN  (EX2565) : Input 'user_drp_wrdata_i[20]' on this instance is undriven. Assigning to 0, simulation mismatch possible. Please assign the input or remove the declaration("/n9k/share/gwsw/gowin_new/Gowin/V1.9/release/IDE/ipcore/SERDES_IP/IPlib/JESD204B/data/jesd204b_top.v":484)
WARN  (EX2565) : Input 'user_drp_wrdata_i[19]' on this instance is undriven. Assigning to 0, simulation mismatch possible. Please assign the input or remove the declaration("/n9k/share/gwsw/gowin_new/Gowin/V1.9/release/IDE/ipcore/SERDES_IP/IPlib/JESD204B/data/jesd204b_top.v":484)
WARN  (EX2565) : Input 'user_drp_wrdata_i[18]' on this instance is undriven. Assigning to 0, simulation mismatch possible. Please assign the input or remove the declaration("/n9k/share/gwsw/gowin_new/Gowin/V1.9/release/IDE/ipcore/SERDES_IP/IPlib/JESD204B/data/jesd204b_top.v":484)
WARN  (EX2565) : Input 'user_drp_wrdata_i[17]' on this instance is undriven. Assigning to 0, simulation mismatch possible. Please assign the input or remove the declaration("/n9k/share/gwsw/gowin_new/Gowin/V1.9/release/IDE/ipcore/SERDES_IP/IPlib/JESD204B/data/jesd204b_top.v":484)
WARN  (EX2565) : Input 'user_drp_wrdata_i[16]' on this instance is undriven. Assigning to 0, simulation mismatch possible. Please assign the input or remove the declaration("/n9k/share/gwsw/gowin_new/Gowin/V1.9/release/IDE/ipcore/SERDES_IP/IPlib/JESD204B/data/jesd204b_top.v":484)
WARN  (EX2565) : Input 'user_drp_wrdata_i[15]' on this instance is undriven. Assigning to 0, simulation mismatch possible. Please assign the input or remove the declaration("/n9k/share/gwsw/gowin_new/Gowin/V1.9/release/IDE/ipcore/SERDES_IP/IPlib/JESD204B/data/jesd204b_top.v":484)
WARN  (EX2565) : Input 'user_drp_wrdata_i[14]' on this instance is undriven. Assigning to 0, simulation mismatch possible. Please assign the input or remove the declaration("/n9k/share/gwsw/gowin_new/Gowin/V1.9/release/IDE/ipcore/SERDES_IP/IPlib/JESD204B/data/jesd204b_top.v":484)
WARN  (EX2565) : Input 'user_drp_wrdata_i[13]' on this instance is undriven. Assigning to 0, simulation mismatch possible. Please assign the input or remove the declaration("/n9k/share/gwsw/gowin_new/Gowin/V1.9/release/IDE/ipcore/SERDES_IP/IPlib/JESD204B/data/jesd204b_top.v":484)
WARN  (EX2565) : Input 'user_drp_wrdata_i[12]' on this instance is undriven. Assigning to 0, simulation mismatch possible. Please assign the input or remove the declaration("/n9k/share/gwsw/gowin_new/Gowin/V1.9/release/IDE/ipcore/SERDES_IP/IPlib/JESD204B/data/jesd204b_top.v":484)
WARN  (EX2565) : Input 'user_drp_wrdata_i[11]' on this instance is undriven. Assigning to 0, simulation mismatch possible. Please assign the input or remove the declaration("/n9k/share/gwsw/gowin_new/Gowin/V1.9/release/IDE/ipcore/SERDES_IP/IPlib/JESD204B/data/jesd204b_top.v":484)
WARN  (EX2565) : Input 'user_drp_wrdata_i[10]' on this instance is undriven. Assigning to 0, simulation mismatch possible. Please assign the input or remove the declaration("/n9k/share/gwsw/gowin_new/Gowin/V1.9/release/IDE/ipcore/SERDES_IP/IPlib/JESD204B/data/jesd204b_top.v":484)
WARN  (EX2565) : Input 'user_drp_wrdata_i[9]' on this instance is undriven. Assigning to 0, simulation mismatch possible. Please assign the input or remove the declaration("/n9k/share/gwsw/gowin_new/Gowin/V1.9/release/IDE/ipcore/SERDES_IP/IPlib/JESD204B/data/jesd204b_top.v":484)
WARN  (EX2565) : Input 'user_drp_wrdata_i[8]' on this instance is undriven. Assigning to 0, simulation mismatch possible. Please assign the input or remove the declaration("/n9k/share/gwsw/gowin_new/Gowin/V1.9/release/IDE/ipcore/SERDES_IP/IPlib/JESD204B/data/jesd204b_top.v":484)
WARN  (EX2565) : Input 'user_drp_wrdata_i[7]' on this instance is undriven. Assigning to 0, simulation mismatch possible. Please assign the input or remove the declaration("/n9k/share/gwsw/gowin_new/Gowin/V1.9/release/IDE/ipcore/SERDES_IP/IPlib/JESD204B/data/jesd204b_top.v":484)
WARN  (EX2565) : Input 'user_drp_wrdata_i[6]' on this instance is undriven. Assigning to 0, simulation mismatch possible. Please assign the input or remove the declaration("/n9k/share/gwsw/gowin_new/Gowin/V1.9/release/IDE/ipcore/SERDES_IP/IPlib/JESD204B/data/jesd204b_top.v":484)
WARN  (EX2565) : Input 'user_drp_wrdata_i[5]' on this instance is undriven. Assigning to 0, simulation mismatch possible. Please assign the input or remove the declaration("/n9k/share/gwsw/gowin_new/Gowin/V1.9/release/IDE/ipcore/SERDES_IP/IPlib/JESD204B/data/jesd204b_top.v":484)
WARN  (EX2565) : Input 'user_drp_wrdata_i[4]' on this instance is undriven. Assigning to 0, simulation mismatch possible. Please assign the input or remove the declaration("/n9k/share/gwsw/gowin_new/Gowin/V1.9/release/IDE/ipcore/SERDES_IP/IPlib/JESD204B/data/jesd204b_top.v":484)
WARN  (EX2565) : Input 'user_drp_wrdata_i[3]' on this instance is undriven. Assigning to 0, simulation mismatch possible. Please assign the input or remove the declaration("/n9k/share/gwsw/gowin_new/Gowin/V1.9/release/IDE/ipcore/SERDES_IP/IPlib/JESD204B/data/jesd204b_top.v":484)
WARN  (EX2565) : Input 'user_drp_wrdata_i[2]' on this instance is undriven. Assigning to 0, simulation mismatch possible. Please assign the input or remove the declaration("/n9k/share/gwsw/gowin_new/Gowin/V1.9/release/IDE/ipcore/SERDES_IP/IPlib/JESD204B/data/jesd204b_top.v":484)
WARN  (EX2565) : Input 'user_drp_wrdata_i[1]' on this instance is undriven. Assigning to 0, simulation mismatch possible. Please assign the input or remove the declaration("/n9k/share/gwsw/gowin_new/Gowin/V1.9/release/IDE/ipcore/SERDES_IP/IPlib/JESD204B/data/jesd204b_top.v":484)
WARN  (EX2565) : Input 'user_drp_wrdata_i[0]' on this instance is undriven. Assigning to 0, simulation mismatch possible. Please assign the input or remove the declaration("/n9k/share/gwsw/gowin_new/Gowin/V1.9/release/IDE/ipcore/SERDES_IP/IPlib/JESD204B/data/jesd204b_top.v":484)
WARN  (EX2565) : Input 'user_drp_strb_i[7]' on this instance is undriven. Assigning to 0, simulation mismatch possible. Please assign the input or remove the declaration("/n9k/share/gwsw/gowin_new/Gowin/V1.9/release/IDE/ipcore/SERDES_IP/IPlib/JESD204B/data/jesd204b_top.v":484)
WARN  (EX2565) : Input 'user_drp_strb_i[6]' on this instance is undriven. Assigning to 0, simulation mismatch possible. Please assign the input or remove the declaration("/n9k/share/gwsw/gowin_new/Gowin/V1.9/release/IDE/ipcore/SERDES_IP/IPlib/JESD204B/data/jesd204b_top.v":484)
WARN  (EX2565) : Input 'user_drp_strb_i[5]' on this instance is undriven. Assigning to 0, simulation mismatch possible. Please assign the input or remove the declaration("/n9k/share/gwsw/gowin_new/Gowin/V1.9/release/IDE/ipcore/SERDES_IP/IPlib/JESD204B/data/jesd204b_top.v":484)
WARN  (EX2565) : Input 'user_drp_strb_i[4]' on this instance is undriven. Assigning to 0, simulation mismatch possible. Please assign the input or remove the declaration("/n9k/share/gwsw/gowin_new/Gowin/V1.9/release/IDE/ipcore/SERDES_IP/IPlib/JESD204B/data/jesd204b_top.v":484)
WARN  (EX2565) : Input 'user_drp_strb_i[3]' on this instance is undriven. Assigning to 0, simulation mismatch possible. Please assign the input or remove the declaration("/n9k/share/gwsw/gowin_new/Gowin/V1.9/release/IDE/ipcore/SERDES_IP/IPlib/JESD204B/data/jesd204b_top.v":484)
WARN  (EX2565) : Input 'user_drp_strb_i[2]' on this instance is undriven. Assigning to 0, simulation mismatch possible. Please assign the input or remove the declaration("/n9k/share/gwsw/gowin_new/Gowin/V1.9/release/IDE/ipcore/SERDES_IP/IPlib/JESD204B/data/jesd204b_top.v":484)
WARN  (EX2565) : Input 'user_drp_strb_i[1]' on this instance is undriven. Assigning to 0, simulation mismatch possible. Please assign the input or remove the declaration("/n9k/share/gwsw/gowin_new/Gowin/V1.9/release/IDE/ipcore/SERDES_IP/IPlib/JESD204B/data/jesd204b_top.v":484)
WARN  (EX2565) : Input 'user_drp_strb_i[0]' on this instance is undriven. Assigning to 0, simulation mismatch possible. Please assign the input or remove the declaration("/n9k/share/gwsw/gowin_new/Gowin/V1.9/release/IDE/ipcore/SERDES_IP/IPlib/JESD204B/data/jesd204b_top.v":484)
WARN  (EX2565) : Input 'user_drp_rden_i' on this instance is undriven. Assigning to 0, simulation mismatch possible. Please assign the input or remove the declaration("/n9k/share/gwsw/gowin_new/Gowin/V1.9/release/IDE/ipcore/SERDES_IP/IPlib/JESD204B/data/jesd204b_top.v":484)
WARN  (EX2565) : Input 'upar_arbiter_drp_clk_i' on this instance is undriven. Assigning to 0, simulation mismatch possible. Please assign the input or remove the declaration("/n9k/share/gwsw/gowin_new/Gowin/V1.9/release/IDE/ipcore/SERDES_IP/IPlib/JESD204B/data/jesd204b_top.v":484)
WARN  (EX2565) : Input 'upar_arbiter_drp_ready_i' on this instance is undriven. Assigning to 0, simulation mismatch possible. Please assign the input or remove the declaration("/n9k/share/gwsw/gowin_new/Gowin/V1.9/release/IDE/ipcore/SERDES_IP/IPlib/JESD204B/data/jesd204b_top.v":484)
WARN  (EX2565) : Input 'upar_arbiter_drp_rdvld_i' on this instance is undriven. Assigning to 0, simulation mismatch possible. Please assign the input or remove the declaration("/n9k/share/gwsw/gowin_new/Gowin/V1.9/release/IDE/ipcore/SERDES_IP/IPlib/JESD204B/data/jesd204b_top.v":484)
WARN  (EX2565) : Input 'upar_arbiter_drp_rddata_i[31]' on this instance is undriven. Assigning to 0, simulation mismatch possible. Please assign the input or remove the declaration("/n9k/share/gwsw/gowin_new/Gowin/V1.9/release/IDE/ipcore/SERDES_IP/IPlib/JESD204B/data/jesd204b_top.v":484)
WARN  (EX2565) : Input 'upar_arbiter_drp_rddata_i[30]' on this instance is undriven. Assigning to 0, simulation mismatch possible. Please assign the input or remove the declaration("/n9k/share/gwsw/gowin_new/Gowin/V1.9/release/IDE/ipcore/SERDES_IP/IPlib/JESD204B/data/jesd204b_top.v":484)
WARN  (EX2565) : Input 'upar_arbiter_drp_rddata_i[29]' on this instance is undriven. Assigning to 0, simulation mismatch possible. Please assign the input or remove the declaration("/n9k/share/gwsw/gowin_new/Gowin/V1.9/release/IDE/ipcore/SERDES_IP/IPlib/JESD204B/data/jesd204b_top.v":484)
WARN  (EX2565) : Input 'upar_arbiter_drp_rddata_i[28]' on this instance is undriven. Assigning to 0, simulation mismatch possible. Please assign the input or remove the declaration("/n9k/share/gwsw/gowin_new/Gowin/V1.9/release/IDE/ipcore/SERDES_IP/IPlib/JESD204B/data/jesd204b_top.v":484)
WARN  (EX2565) : Input 'upar_arbiter_drp_rddata_i[27]' on this instance is undriven. Assigning to 0, simulation mismatch possible. Please assign the input or remove the declaration("/n9k/share/gwsw/gowin_new/Gowin/V1.9/release/IDE/ipcore/SERDES_IP/IPlib/JESD204B/data/jesd204b_top.v":484)
WARN  (EX2565) : Input 'upar_arbiter_drp_rddata_i[26]' on this instance is undriven. Assigning to 0, simulation mismatch possible. Please assign the input or remove the declaration("/n9k/share/gwsw/gowin_new/Gowin/V1.9/release/IDE/ipcore/SERDES_IP/IPlib/JESD204B/data/jesd204b_top.v":484)
WARN  (EX2565) : Input 'upar_arbiter_drp_rddata_i[25]' on this instance is undriven. Assigning to 0, simulation mismatch possible. Please assign the input or remove the declaration("/n9k/share/gwsw/gowin_new/Gowin/V1.9/release/IDE/ipcore/SERDES_IP/IPlib/JESD204B/data/jesd204b_top.v":484)
WARN  (EX2565) : Input 'upar_arbiter_drp_rddata_i[24]' on this instance is undriven. Assigning to 0, simulation mismatch possible. Please assign the input or remove the declaration("/n9k/share/gwsw/gowin_new/Gowin/V1.9/release/IDE/ipcore/SERDES_IP/IPlib/JESD204B/data/jesd204b_top.v":484)
WARN  (EX2565) : Input 'upar_arbiter_drp_rddata_i[23]' on this instance is undriven. Assigning to 0, simulation mismatch possible. Please assign the input or remove the declaration("/n9k/share/gwsw/gowin_new/Gowin/V1.9/release/IDE/ipcore/SERDES_IP/IPlib/JESD204B/data/jesd204b_top.v":484)
WARN  (EX2565) : Input 'upar_arbiter_drp_rddata_i[22]' on this instance is undriven. Assigning to 0, simulation mismatch possible. Please assign the input or remove the declaration("/n9k/share/gwsw/gowin_new/Gowin/V1.9/release/IDE/ipcore/SERDES_IP/IPlib/JESD204B/data/jesd204b_top.v":484)
WARN  (EX2565) : Input 'upar_arbiter_drp_rddata_i[21]' on this instance is undriven. Assigning to 0, simulation mismatch possible. Please assign the input or remove the declaration("/n9k/share/gwsw/gowin_new/Gowin/V1.9/release/IDE/ipcore/SERDES_IP/IPlib/JESD204B/data/jesd204b_top.v":484)
WARN  (EX2565) : Input 'upar_arbiter_drp_rddata_i[20]' on this instance is undriven. Assigning to 0, simulation mismatch possible. Please assign the input or remove the declaration("/n9k/share/gwsw/gowin_new/Gowin/V1.9/release/IDE/ipcore/SERDES_IP/IPlib/JESD204B/data/jesd204b_top.v":484)
WARN  (EX2565) : Input 'upar_arbiter_drp_rddata_i[19]' on this instance is undriven. Assigning to 0, simulation mismatch possible. Please assign the input or remove the declaration("/n9k/share/gwsw/gowin_new/Gowin/V1.9/release/IDE/ipcore/SERDES_IP/IPlib/JESD204B/data/jesd204b_top.v":484)
WARN  (EX2565) : Input 'upar_arbiter_drp_rddata_i[18]' on this instance is undriven. Assigning to 0, simulation mismatch possible. Please assign the input or remove the declaration("/n9k/share/gwsw/gowin_new/Gowin/V1.9/release/IDE/ipcore/SERDES_IP/IPlib/JESD204B/data/jesd204b_top.v":484)
WARN  (EX2565) : Input 'upar_arbiter_drp_rddata_i[17]' on this instance is undriven. Assigning to 0, simulation mismatch possible. Please assign the input or remove the declaration("/n9k/share/gwsw/gowin_new/Gowin/V1.9/release/IDE/ipcore/SERDES_IP/IPlib/JESD204B/data/jesd204b_top.v":484)
WARN  (EX2565) : Input 'upar_arbiter_drp_rddata_i[16]' on this instance is undriven. Assigning to 0, simulation mismatch possible. Please assign the input or remove the declaration("/n9k/share/gwsw/gowin_new/Gowin/V1.9/release/IDE/ipcore/SERDES_IP/IPlib/JESD204B/data/jesd204b_top.v":484)
WARN  (EX2565) : Input 'upar_arbiter_drp_rddata_i[15]' on this instance is undriven. Assigning to 0, simulation mismatch possible. Please assign the input or remove the declaration("/n9k/share/gwsw/gowin_new/Gowin/V1.9/release/IDE/ipcore/SERDES_IP/IPlib/JESD204B/data/jesd204b_top.v":484)
WARN  (EX2565) : Input 'upar_arbiter_drp_rddata_i[14]' on this instance is undriven. Assigning to 0, simulation mismatch possible. Please assign the input or remove the declaration("/n9k/share/gwsw/gowin_new/Gowin/V1.9/release/IDE/ipcore/SERDES_IP/IPlib/JESD204B/data/jesd204b_top.v":484)
WARN  (EX2565) : Input 'upar_arbiter_drp_rddata_i[13]' on this instance is undriven. Assigning to 0, simulation mismatch possible. Please assign the input or remove the declaration("/n9k/share/gwsw/gowin_new/Gowin/V1.9/release/IDE/ipcore/SERDES_IP/IPlib/JESD204B/data/jesd204b_top.v":484)
WARN  (EX2565) : Input 'upar_arbiter_drp_rddata_i[12]' on this instance is undriven. Assigning to 0, simulation mismatch possible. Please assign the input or remove the declaration("/n9k/share/gwsw/gowin_new/Gowin/V1.9/release/IDE/ipcore/SERDES_IP/IPlib/JESD204B/data/jesd204b_top.v":484)
WARN  (EX2565) : Input 'upar_arbiter_drp_rddata_i[11]' on this instance is undriven. Assigning to 0, simulation mismatch possible. Please assign the input or remove the declaration("/n9k/share/gwsw/gowin_new/Gowin/V1.9/release/IDE/ipcore/SERDES_IP/IPlib/JESD204B/data/jesd204b_top.v":484)
WARN  (EX2565) : Input 'upar_arbiter_drp_rddata_i[10]' on this instance is undriven. Assigning to 0, simulation mismatch possible. Please assign the input or remove the declaration("/n9k/share/gwsw/gowin_new/Gowin/V1.9/release/IDE/ipcore/SERDES_IP/IPlib/JESD204B/data/jesd204b_top.v":484)
WARN  (EX2565) : Input 'upar_arbiter_drp_rddata_i[9]' on this instance is undriven. Assigning to 0, simulation mismatch possible. Please assign the input or remove the declaration("/n9k/share/gwsw/gowin_new/Gowin/V1.9/release/IDE/ipcore/SERDES_IP/IPlib/JESD204B/data/jesd204b_top.v":484)
WARN  (EX2565) : Input 'upar_arbiter_drp_rddata_i[8]' on this instance is undriven. Assigning to 0, simulation mismatch possible. Please assign the input or remove the declaration("/n9k/share/gwsw/gowin_new/Gowin/V1.9/release/IDE/ipcore/SERDES_IP/IPlib/JESD204B/data/jesd204b_top.v":484)
WARN  (EX2565) : Input 'upar_arbiter_drp_rddata_i[7]' on this instance is undriven. Assigning to 0, simulation mismatch possible. Please assign the input or remove the declaration("/n9k/share/gwsw/gowin_new/Gowin/V1.9/release/IDE/ipcore/SERDES_IP/IPlib/JESD204B/data/jesd204b_top.v":484)
WARN  (EX2565) : Input 'upar_arbiter_drp_rddata_i[6]' on this instance is undriven. Assigning to 0, simulation mismatch possible. Please assign the input or remove the declaration("/n9k/share/gwsw/gowin_new/Gowin/V1.9/release/IDE/ipcore/SERDES_IP/IPlib/JESD204B/data/jesd204b_top.v":484)
WARN  (EX2565) : Input 'upar_arbiter_drp_rddata_i[5]' on this instance is undriven. Assigning to 0, simulation mismatch possible. Please assign the input or remove the declaration("/n9k/share/gwsw/gowin_new/Gowin/V1.9/release/IDE/ipcore/SERDES_IP/IPlib/JESD204B/data/jesd204b_top.v":484)
WARN  (EX2565) : Input 'upar_arbiter_drp_rddata_i[4]' on this instance is undriven. Assigning to 0, simulation mismatch possible. Please assign the input or remove the declaration("/n9k/share/gwsw/gowin_new/Gowin/V1.9/release/IDE/ipcore/SERDES_IP/IPlib/JESD204B/data/jesd204b_top.v":484)
WARN  (EX2565) : Input 'upar_arbiter_drp_rddata_i[3]' on this instance is undriven. Assigning to 0, simulation mismatch possible. Please assign the input or remove the declaration("/n9k/share/gwsw/gowin_new/Gowin/V1.9/release/IDE/ipcore/SERDES_IP/IPlib/JESD204B/data/jesd204b_top.v":484)
WARN  (EX2565) : Input 'upar_arbiter_drp_rddata_i[2]' on this instance is undriven. Assigning to 0, simulation mismatch possible. Please assign the input or remove the declaration("/n9k/share/gwsw/gowin_new/Gowin/V1.9/release/IDE/ipcore/SERDES_IP/IPlib/JESD204B/data/jesd204b_top.v":484)
WARN  (EX2565) : Input 'upar_arbiter_drp_rddata_i[1]' on this instance is undriven. Assigning to 0, simulation mismatch possible. Please assign the input or remove the declaration("/n9k/share/gwsw/gowin_new/Gowin/V1.9/release/IDE/ipcore/SERDES_IP/IPlib/JESD204B/data/jesd204b_top.v":484)
WARN  (EX2565) : Input 'upar_arbiter_drp_rddata_i[0]' on this instance is undriven. Assigning to 0, simulation mismatch possible. Please assign the input or remove the declaration("/n9k/share/gwsw/gowin_new/Gowin/V1.9/release/IDE/ipcore/SERDES_IP/IPlib/JESD204B/data/jesd204b_top.v":484)
WARN  (EX2565) : Input 'upar_arbiter_drp_resp_i' on this instance is undriven. Assigning to 0, simulation mismatch possible. Please assign the input or remove the declaration("/n9k/share/gwsw/gowin_new/Gowin/V1.9/release/IDE/ipcore/SERDES_IP/IPlib/JESD204B/data/jesd204b_top.v":484)
NOTE  (EX0101) : Current top module is "JESD204B_Top"
WARN  (EX0211) : The output port "o_rpat_valid" of module "~tx_test_seq.JESD204B_Top(RPAT_EN=0,JSPAT_EN=0)" has no driver, assigning undriven bits to Z, simulation mismatch possible("/n9k/share/gwsw/gowin_new/Gowin/V1.9/release/IDE/ipcore/SERDES_IP/IPlib/JESD204B/data/jesd204b_core_encryption.v":14005)
WARN  (EX0211) : The output port "o_rpat_data[31]" of module "~tx_test_seq.JESD204B_Top(RPAT_EN=0,JSPAT_EN=0)" has no driver, assigning undriven bits to Z, simulation mismatch possible("/n9k/share/gwsw/gowin_new/Gowin/V1.9/release/IDE/ipcore/SERDES_IP/IPlib/JESD204B/data/jesd204b_core_encryption.v":14005)
WARN  (EX0211) : The output port "o_rpat_data[30]" of module "~tx_test_seq.JESD204B_Top(RPAT_EN=0,JSPAT_EN=0)" has no driver, assigning undriven bits to Z, simulation mismatch possible("/n9k/share/gwsw/gowin_new/Gowin/V1.9/release/IDE/ipcore/SERDES_IP/IPlib/JESD204B/data/jesd204b_core_encryption.v":14005)
WARN  (EX0211) : The output port "o_rpat_data[29]" of module "~tx_test_seq.JESD204B_Top(RPAT_EN=0,JSPAT_EN=0)" has no driver, assigning undriven bits to Z, simulation mismatch possible("/n9k/share/gwsw/gowin_new/Gowin/V1.9/release/IDE/ipcore/SERDES_IP/IPlib/JESD204B/data/jesd204b_core_encryption.v":14005)
WARN  (EX0211) : The output port "o_rpat_data[28]" of module "~tx_test_seq.JESD204B_Top(RPAT_EN=0,JSPAT_EN=0)" has no driver, assigning undriven bits to Z, simulation mismatch possible("/n9k/share/gwsw/gowin_new/Gowin/V1.9/release/IDE/ipcore/SERDES_IP/IPlib/JESD204B/data/jesd204b_core_encryption.v":14005)
WARN  (EX0211) : The output port "o_rpat_data[27]" of module "~tx_test_seq.JESD204B_Top(RPAT_EN=0,JSPAT_EN=0)" has no driver, assigning undriven bits to Z, simulation mismatch possible("/n9k/share/gwsw/gowin_new/Gowin/V1.9/release/IDE/ipcore/SERDES_IP/IPlib/JESD204B/data/jesd204b_core_encryption.v":14005)
WARN  (EX0211) : The output port "o_rpat_data[26]" of module "~tx_test_seq.JESD204B_Top(RPAT_EN=0,JSPAT_EN=0)" has no driver, assigning undriven bits to Z, simulation mismatch possible("/n9k/share/gwsw/gowin_new/Gowin/V1.9/release/IDE/ipcore/SERDES_IP/IPlib/JESD204B/data/jesd204b_core_encryption.v":14005)
WARN  (EX0211) : The output port "o_rpat_data[25]" of module "~tx_test_seq.JESD204B_Top(RPAT_EN=0,JSPAT_EN=0)" has no driver, assigning undriven bits to Z, simulation mismatch possible("/n9k/share/gwsw/gowin_new/Gowin/V1.9/release/IDE/ipcore/SERDES_IP/IPlib/JESD204B/data/jesd204b_core_encryption.v":14005)
WARN  (EX0211) : The output port "o_rpat_data[24]" of module "~tx_test_seq.JESD204B_Top(RPAT_EN=0,JSPAT_EN=0)" has no driver, assigning undriven bits to Z, simulation mismatch possible("/n9k/share/gwsw/gowin_new/Gowin/V1.9/release/IDE/ipcore/SERDES_IP/IPlib/JESD204B/data/jesd204b_core_encryption.v":14005)
WARN  (EX0211) : The output port "o_rpat_data[23]" of module "~tx_test_seq.JESD204B_Top(RPAT_EN=0,JSPAT_EN=0)" has no driver, assigning undriven bits to Z, simulation mismatch possible("/n9k/share/gwsw/gowin_new/Gowin/V1.9/release/IDE/ipcore/SERDES_IP/IPlib/JESD204B/data/jesd204b_core_encryption.v":14005)
WARN  (EX0211) : The output port "o_rpat_data[22]" of module "~tx_test_seq.JESD204B_Top(RPAT_EN=0,JSPAT_EN=0)" has no driver, assigning undriven bits to Z, simulation mismatch possible("/n9k/share/gwsw/gowin_new/Gowin/V1.9/release/IDE/ipcore/SERDES_IP/IPlib/JESD204B/data/jesd204b_core_encryption.v":14005)
WARN  (EX0211) : The output port "o_rpat_data[21]" of module "~tx_test_seq.JESD204B_Top(RPAT_EN=0,JSPAT_EN=0)" has no driver, assigning undriven bits to Z, simulation mismatch possible("/n9k/share/gwsw/gowin_new/Gowin/V1.9/release/IDE/ipcore/SERDES_IP/IPlib/JESD204B/data/jesd204b_core_encryption.v":14005)
WARN  (EX0211) : The output port "o_rpat_data[20]" of module "~tx_test_seq.JESD204B_Top(RPAT_EN=0,JSPAT_EN=0)" has no driver, assigning undriven bits to Z, simulation mismatch possible("/n9k/share/gwsw/gowin_new/Gowin/V1.9/release/IDE/ipcore/SERDES_IP/IPlib/JESD204B/data/jesd204b_core_encryption.v":14005)
WARN  (EX0211) : The output port "o_rpat_data[19]" of module "~tx_test_seq.JESD204B_Top(RPAT_EN=0,JSPAT_EN=0)" has no driver, assigning undriven bits to Z, simulation mismatch possible("/n9k/share/gwsw/gowin_new/Gowin/V1.9/release/IDE/ipcore/SERDES_IP/IPlib/JESD204B/data/jesd204b_core_encryption.v":14005)
WARN  (EX0211) : The output port "o_rpat_data[18]" of module "~tx_test_seq.JESD204B_Top(RPAT_EN=0,JSPAT_EN=0)" has no driver, assigning undriven bits to Z, simulation mismatch possible("/n9k/share/gwsw/gowin_new/Gowin/V1.9/release/IDE/ipcore/SERDES_IP/IPlib/JESD204B/data/jesd204b_core_encryption.v":14005)
WARN  (EX0211) : The output port "o_rpat_data[17]" of module "~tx_test_seq.JESD204B_Top(RPAT_EN=0,JSPAT_EN=0)" has no driver, assigning undriven bits to Z, simulation mismatch possible("/n9k/share/gwsw/gowin_new/Gowin/V1.9/release/IDE/ipcore/SERDES_IP/IPlib/JESD204B/data/jesd204b_core_encryption.v":14005)
WARN  (EX0211) : The output port "o_rpat_data[16]" of module "~tx_test_seq.JESD204B_Top(RPAT_EN=0,JSPAT_EN=0)" has no driver, assigning undriven bits to Z, simulation mismatch possible("/n9k/share/gwsw/gowin_new/Gowin/V1.9/release/IDE/ipcore/SERDES_IP/IPlib/JESD204B/data/jesd204b_core_encryption.v":14005)
WARN  (EX0211) : The output port "o_rpat_data[15]" of module "~tx_test_seq.JESD204B_Top(RPAT_EN=0,JSPAT_EN=0)" has no driver, assigning undriven bits to Z, simulation mismatch possible("/n9k/share/gwsw/gowin_new/Gowin/V1.9/release/IDE/ipcore/SERDES_IP/IPlib/JESD204B/data/jesd204b_core_encryption.v":14005)
WARN  (EX0211) : The output port "o_rpat_data[14]" of module "~tx_test_seq.JESD204B_Top(RPAT_EN=0,JSPAT_EN=0)" has no driver, assigning undriven bits to Z, simulation mismatch possible("/n9k/share/gwsw/gowin_new/Gowin/V1.9/release/IDE/ipcore/SERDES_IP/IPlib/JESD204B/data/jesd204b_core_encryption.v":14005)
WARN  (EX0211) : The output port "o_rpat_data[13]" of module "~tx_test_seq.JESD204B_Top(RPAT_EN=0,JSPAT_EN=0)" has no driver, assigning undriven bits to Z, simulation mismatch possible("/n9k/share/gwsw/gowin_new/Gowin/V1.9/release/IDE/ipcore/SERDES_IP/IPlib/JESD204B/data/jesd204b_core_encryption.v":14005)
WARN  (EX0211) : The output port "o_rpat_data[12]" of module "~tx_test_seq.JESD204B_Top(RPAT_EN=0,JSPAT_EN=0)" has no driver, assigning undriven bits to Z, simulation mismatch possible("/n9k/share/gwsw/gowin_new/Gowin/V1.9/release/IDE/ipcore/SERDES_IP/IPlib/JESD204B/data/jesd204b_core_encryption.v":14005)
WARN  (EX0211) : The output port "o_rpat_data[11]" of module "~tx_test_seq.JESD204B_Top(RPAT_EN=0,JSPAT_EN=0)" has no driver, assigning undriven bits to Z, simulation mismatch possible("/n9k/share/gwsw/gowin_new/Gowin/V1.9/release/IDE/ipcore/SERDES_IP/IPlib/JESD204B/data/jesd204b_core_encryption.v":14005)
WARN  (EX0211) : The output port "o_rpat_data[10]" of module "~tx_test_seq.JESD204B_Top(RPAT_EN=0,JSPAT_EN=0)" has no driver, assigning undriven bits to Z, simulation mismatch possible("/n9k/share/gwsw/gowin_new/Gowin/V1.9/release/IDE/ipcore/SERDES_IP/IPlib/JESD204B/data/jesd204b_core_encryption.v":14005)
WARN  (EX0211) : The output port "o_rpat_data[9]" of module "~tx_test_seq.JESD204B_Top(RPAT_EN=0,JSPAT_EN=0)" has no driver, assigning undriven bits to Z, simulation mismatch possible("/n9k/share/gwsw/gowin_new/Gowin/V1.9/release/IDE/ipcore/SERDES_IP/IPlib/JESD204B/data/jesd204b_core_encryption.v":14005)
WARN  (EX0211) : The output port "o_rpat_data[8]" of module "~tx_test_seq.JESD204B_Top(RPAT_EN=0,JSPAT_EN=0)" has no driver, assigning undriven bits to Z, simulation mismatch possible("/n9k/share/gwsw/gowin_new/Gowin/V1.9/release/IDE/ipcore/SERDES_IP/IPlib/JESD204B/data/jesd204b_core_encryption.v":14005)
WARN  (EX0211) : The output port "o_rpat_data[7]" of module "~tx_test_seq.JESD204B_Top(RPAT_EN=0,JSPAT_EN=0)" has no driver, assigning undriven bits to Z, simulation mismatch possible("/n9k/share/gwsw/gowin_new/Gowin/V1.9/release/IDE/ipcore/SERDES_IP/IPlib/JESD204B/data/jesd204b_core_encryption.v":14005)
WARN  (EX0211) : The output port "o_rpat_data[6]" of module "~tx_test_seq.JESD204B_Top(RPAT_EN=0,JSPAT_EN=0)" has no driver, assigning undriven bits to Z, simulation mismatch possible("/n9k/share/gwsw/gowin_new/Gowin/V1.9/release/IDE/ipcore/SERDES_IP/IPlib/JESD204B/data/jesd204b_core_encryption.v":14005)
WARN  (EX0211) : The output port "o_rpat_data[5]" of module "~tx_test_seq.JESD204B_Top(RPAT_EN=0,JSPAT_EN=0)" has no driver, assigning undriven bits to Z, simulation mismatch possible("/n9k/share/gwsw/gowin_new/Gowin/V1.9/release/IDE/ipcore/SERDES_IP/IPlib/JESD204B/data/jesd204b_core_encryption.v":14005)
WARN  (EX0211) : The output port "o_rpat_data[4]" of module "~tx_test_seq.JESD204B_Top(RPAT_EN=0,JSPAT_EN=0)" has no driver, assigning undriven bits to Z, simulation mismatch possible("/n9k/share/gwsw/gowin_new/Gowin/V1.9/release/IDE/ipcore/SERDES_IP/IPlib/JESD204B/data/jesd204b_core_encryption.v":14005)
WARN  (EX0211) : The output port "o_rpat_data[3]" of module "~tx_test_seq.JESD204B_Top(RPAT_EN=0,JSPAT_EN=0)" has no driver, assigning undriven bits to Z, simulation mismatch possible("/n9k/share/gwsw/gowin_new/Gowin/V1.9/release/IDE/ipcore/SERDES_IP/IPlib/JESD204B/data/jesd204b_core_encryption.v":14005)
WARN  (EX0211) : The output port "o_rpat_data[2]" of module "~tx_test_seq.JESD204B_Top(RPAT_EN=0,JSPAT_EN=0)" has no driver, assigning undriven bits to Z, simulation mismatch possible("/n9k/share/gwsw/gowin_new/Gowin/V1.9/release/IDE/ipcore/SERDES_IP/IPlib/JESD204B/data/jesd204b_core_encryption.v":14005)
WARN  (EX0211) : The output port "o_rpat_data[1]" of module "~tx_test_seq.JESD204B_Top(RPAT_EN=0,JSPAT_EN=0)" has no driver, assigning undriven bits to Z, simulation mismatch possible("/n9k/share/gwsw/gowin_new/Gowin/V1.9/release/IDE/ipcore/SERDES_IP/IPlib/JESD204B/data/jesd204b_core_encryption.v":14005)
WARN  (EX0211) : The output port "o_rpat_data[0]" of module "~tx_test_seq.JESD204B_Top(RPAT_EN=0,JSPAT_EN=0)" has no driver, assigning undriven bits to Z, simulation mismatch possible("/n9k/share/gwsw/gowin_new/Gowin/V1.9/release/IDE/ipcore/SERDES_IP/IPlib/JESD204B/data/jesd204b_core_encryption.v":14005)
WARN  (EX0211) : The output port "o_jspat_valid" of module "~tx_test_seq.JESD204B_Top(RPAT_EN=0,JSPAT_EN=0)" has no driver, assigning undriven bits to Z, simulation mismatch possible("/n9k/share/gwsw/gowin_new/Gowin/V1.9/release/IDE/ipcore/SERDES_IP/IPlib/JESD204B/data/jesd204b_core_encryption.v":14005)
WARN  (EX0211) : The output port "o_jspat_data[31]" of module "~tx_test_seq.JESD204B_Top(RPAT_EN=0,JSPAT_EN=0)" has no driver, assigning undriven bits to Z, simulation mismatch possible("/n9k/share/gwsw/gowin_new/Gowin/V1.9/release/IDE/ipcore/SERDES_IP/IPlib/JESD204B/data/jesd204b_core_encryption.v":14005)
WARN  (EX0211) : The output port "o_jspat_data[30]" of module "~tx_test_seq.JESD204B_Top(RPAT_EN=0,JSPAT_EN=0)" has no driver, assigning undriven bits to Z, simulation mismatch possible("/n9k/share/gwsw/gowin_new/Gowin/V1.9/release/IDE/ipcore/SERDES_IP/IPlib/JESD204B/data/jesd204b_core_encryption.v":14005)
WARN  (EX0211) : The output port "o_jspat_data[29]" of module "~tx_test_seq.JESD204B_Top(RPAT_EN=0,JSPAT_EN=0)" has no driver, assigning undriven bits to Z, simulation mismatch possible("/n9k/share/gwsw/gowin_new/Gowin/V1.9/release/IDE/ipcore/SERDES_IP/IPlib/JESD204B/data/jesd204b_core_encryption.v":14005)
WARN  (EX0211) : The output port "o_jspat_data[28]" of module "~tx_test_seq.JESD204B_Top(RPAT_EN=0,JSPAT_EN=0)" has no driver, assigning undriven bits to Z, simulation mismatch possible("/n9k/share/gwsw/gowin_new/Gowin/V1.9/release/IDE/ipcore/SERDES_IP/IPlib/JESD204B/data/jesd204b_core_encryption.v":14005)
WARN  (EX0211) : The output port "o_jspat_data[27]" of module "~tx_test_seq.JESD204B_Top(RPAT_EN=0,JSPAT_EN=0)" has no driver, assigning undriven bits to Z, simulation mismatch possible("/n9k/share/gwsw/gowin_new/Gowin/V1.9/release/IDE/ipcore/SERDES_IP/IPlib/JESD204B/data/jesd204b_core_encryption.v":14005)
WARN  (EX0211) : The output port "o_jspat_data[26]" of module "~tx_test_seq.JESD204B_Top(RPAT_EN=0,JSPAT_EN=0)" has no driver, assigning undriven bits to Z, simulation mismatch possible("/n9k/share/gwsw/gowin_new/Gowin/V1.9/release/IDE/ipcore/SERDES_IP/IPlib/JESD204B/data/jesd204b_core_encryption.v":14005)
WARN  (EX0211) : The output port "o_jspat_data[25]" of module "~tx_test_seq.JESD204B_Top(RPAT_EN=0,JSPAT_EN=0)" has no driver, assigning undriven bits to Z, simulation mismatch possible("/n9k/share/gwsw/gowin_new/Gowin/V1.9/release/IDE/ipcore/SERDES_IP/IPlib/JESD204B/data/jesd204b_core_encryption.v":14005)
WARN  (EX0211) : The output port "o_jspat_data[24]" of module "~tx_test_seq.JESD204B_Top(RPAT_EN=0,JSPAT_EN=0)" has no driver, assigning undriven bits to Z, simulation mismatch possible("/n9k/share/gwsw/gowin_new/Gowin/V1.9/release/IDE/ipcore/SERDES_IP/IPlib/JESD204B/data/jesd204b_core_encryption.v":14005)
WARN  (EX0211) : The output port "o_jspat_data[23]" of module "~tx_test_seq.JESD204B_Top(RPAT_EN=0,JSPAT_EN=0)" has no driver, assigning undriven bits to Z, simulation mismatch possible("/n9k/share/gwsw/gowin_new/Gowin/V1.9/release/IDE/ipcore/SERDES_IP/IPlib/JESD204B/data/jesd204b_core_encryption.v":14005)
WARN  (EX0211) : The output port "o_jspat_data[22]" of module "~tx_test_seq.JESD204B_Top(RPAT_EN=0,JSPAT_EN=0)" has no driver, assigning undriven bits to Z, simulation mismatch possible("/n9k/share/gwsw/gowin_new/Gowin/V1.9/release/IDE/ipcore/SERDES_IP/IPlib/JESD204B/data/jesd204b_core_encryption.v":14005)
WARN  (EX0211) : The output port "o_jspat_data[21]" of module "~tx_test_seq.JESD204B_Top(RPAT_EN=0,JSPAT_EN=0)" has no driver, assigning undriven bits to Z, simulation mismatch possible("/n9k/share/gwsw/gowin_new/Gowin/V1.9/release/IDE/ipcore/SERDES_IP/IPlib/JESD204B/data/jesd204b_core_encryption.v":14005)
WARN  (EX0211) : The output port "o_jspat_data[20]" of module "~tx_test_seq.JESD204B_Top(RPAT_EN=0,JSPAT_EN=0)" has no driver, assigning undriven bits to Z, simulation mismatch possible("/n9k/share/gwsw/gowin_new/Gowin/V1.9/release/IDE/ipcore/SERDES_IP/IPlib/JESD204B/data/jesd204b_core_encryption.v":14005)
WARN  (EX0211) : The output port "o_jspat_data[19]" of module "~tx_test_seq.JESD204B_Top(RPAT_EN=0,JSPAT_EN=0)" has no driver, assigning undriven bits to Z, simulation mismatch possible("/n9k/share/gwsw/gowin_new/Gowin/V1.9/release/IDE/ipcore/SERDES_IP/IPlib/JESD204B/data/jesd204b_core_encryption.v":14005)
WARN  (EX0211) : The output port "o_jspat_data[18]" of module "~tx_test_seq.JESD204B_Top(RPAT_EN=0,JSPAT_EN=0)" has no driver, assigning undriven bits to Z, simulation mismatch possible("/n9k/share/gwsw/gowin_new/Gowin/V1.9/release/IDE/ipcore/SERDES_IP/IPlib/JESD204B/data/jesd204b_core_encryption.v":14005)
WARN  (EX0211) : The output port "o_jspat_data[17]" of module "~tx_test_seq.JESD204B_Top(RPAT_EN=0,JSPAT_EN=0)" has no driver, assigning undriven bits to Z, simulation mismatch possible("/n9k/share/gwsw/gowin_new/Gowin/V1.9/release/IDE/ipcore/SERDES_IP/IPlib/JESD204B/data/jesd204b_core_encryption.v":14005)
WARN  (EX0211) : The output port "o_jspat_data[16]" of module "~tx_test_seq.JESD204B_Top(RPAT_EN=0,JSPAT_EN=0)" has no driver, assigning undriven bits to Z, simulation mismatch possible("/n9k/share/gwsw/gowin_new/Gowin/V1.9/release/IDE/ipcore/SERDES_IP/IPlib/JESD204B/data/jesd204b_core_encryption.v":14005)
WARN  (EX0211) : The output port "o_jspat_data[15]" of module "~tx_test_seq.JESD204B_Top(RPAT_EN=0,JSPAT_EN=0)" has no driver, assigning undriven bits to Z, simulation mismatch possible("/n9k/share/gwsw/gowin_new/Gowin/V1.9/release/IDE/ipcore/SERDES_IP/IPlib/JESD204B/data/jesd204b_core_encryption.v":14005)
WARN  (EX0211) : The output port "o_jspat_data[14]" of module "~tx_test_seq.JESD204B_Top(RPAT_EN=0,JSPAT_EN=0)" has no driver, assigning undriven bits to Z, simulation mismatch possible("/n9k/share/gwsw/gowin_new/Gowin/V1.9/release/IDE/ipcore/SERDES_IP/IPlib/JESD204B/data/jesd204b_core_encryption.v":14005)
WARN  (EX0211) : The output port "o_jspat_data[13]" of module "~tx_test_seq.JESD204B_Top(RPAT_EN=0,JSPAT_EN=0)" has no driver, assigning undriven bits to Z, simulation mismatch possible("/n9k/share/gwsw/gowin_new/Gowin/V1.9/release/IDE/ipcore/SERDES_IP/IPlib/JESD204B/data/jesd204b_core_encryption.v":14005)
WARN  (EX0211) : The output port "o_jspat_data[12]" of module "~tx_test_seq.JESD204B_Top(RPAT_EN=0,JSPAT_EN=0)" has no driver, assigning undriven bits to Z, simulation mismatch possible("/n9k/share/gwsw/gowin_new/Gowin/V1.9/release/IDE/ipcore/SERDES_IP/IPlib/JESD204B/data/jesd204b_core_encryption.v":14005)
WARN  (EX0211) : The output port "o_jspat_data[11]" of module "~tx_test_seq.JESD204B_Top(RPAT_EN=0,JSPAT_EN=0)" has no driver, assigning undriven bits to Z, simulation mismatch possible("/n9k/share/gwsw/gowin_new/Gowin/V1.9/release/IDE/ipcore/SERDES_IP/IPlib/JESD204B/data/jesd204b_core_encryption.v":14005)
WARN  (EX0211) : The output port "o_jspat_data[10]" of module "~tx_test_seq.JESD204B_Top(RPAT_EN=0,JSPAT_EN=0)" has no driver, assigning undriven bits to Z, simulation mismatch possible("/n9k/share/gwsw/gowin_new/Gowin/V1.9/release/IDE/ipcore/SERDES_IP/IPlib/JESD204B/data/jesd204b_core_encryption.v":14005)
WARN  (EX0211) : The output port "o_jspat_data[9]" of module "~tx_test_seq.JESD204B_Top(RPAT_EN=0,JSPAT_EN=0)" has no driver, assigning undriven bits to Z, simulation mismatch possible("/n9k/share/gwsw/gowin_new/Gowin/V1.9/release/IDE/ipcore/SERDES_IP/IPlib/JESD204B/data/jesd204b_core_encryption.v":14005)
WARN  (EX0211) : The output port "o_jspat_data[8]" of module "~tx_test_seq.JESD204B_Top(RPAT_EN=0,JSPAT_EN=0)" has no driver, assigning undriven bits to Z, simulation mismatch possible("/n9k/share/gwsw/gowin_new/Gowin/V1.9/release/IDE/ipcore/SERDES_IP/IPlib/JESD204B/data/jesd204b_core_encryption.v":14005)
WARN  (EX0211) : The output port "o_jspat_data[7]" of module "~tx_test_seq.JESD204B_Top(RPAT_EN=0,JSPAT_EN=0)" has no driver, assigning undriven bits to Z, simulation mismatch possible("/n9k/share/gwsw/gowin_new/Gowin/V1.9/release/IDE/ipcore/SERDES_IP/IPlib/JESD204B/data/jesd204b_core_encryption.v":14005)
WARN  (EX0211) : The output port "o_jspat_data[6]" of module "~tx_test_seq.JESD204B_Top(RPAT_EN=0,JSPAT_EN=0)" has no driver, assigning undriven bits to Z, simulation mismatch possible("/n9k/share/gwsw/gowin_new/Gowin/V1.9/release/IDE/ipcore/SERDES_IP/IPlib/JESD204B/data/jesd204b_core_encryption.v":14005)
WARN  (EX0211) : The output port "o_jspat_data[5]" of module "~tx_test_seq.JESD204B_Top(RPAT_EN=0,JSPAT_EN=0)" has no driver, assigning undriven bits to Z, simulation mismatch possible("/n9k/share/gwsw/gowin_new/Gowin/V1.9/release/IDE/ipcore/SERDES_IP/IPlib/JESD204B/data/jesd204b_core_encryption.v":14005)
WARN  (EX0211) : The output port "o_jspat_data[4]" of module "~tx_test_seq.JESD204B_Top(RPAT_EN=0,JSPAT_EN=0)" has no driver, assigning undriven bits to Z, simulation mismatch possible("/n9k/share/gwsw/gowin_new/Gowin/V1.9/release/IDE/ipcore/SERDES_IP/IPlib/JESD204B/data/jesd204b_core_encryption.v":14005)
WARN  (EX0211) : The output port "o_jspat_data[3]" of module "~tx_test_seq.JESD204B_Top(RPAT_EN=0,JSPAT_EN=0)" has no driver, assigning undriven bits to Z, simulation mismatch possible("/n9k/share/gwsw/gowin_new/Gowin/V1.9/release/IDE/ipcore/SERDES_IP/IPlib/JESD204B/data/jesd204b_core_encryption.v":14005)
WARN  (EX0211) : The output port "o_jspat_data[2]" of module "~tx_test_seq.JESD204B_Top(RPAT_EN=0,JSPAT_EN=0)" has no driver, assigning undriven bits to Z, simulation mismatch possible("/n9k/share/gwsw/gowin_new/Gowin/V1.9/release/IDE/ipcore/SERDES_IP/IPlib/JESD204B/data/jesd204b_core_encryption.v":14005)
WARN  (EX0211) : The output port "o_jspat_data[1]" of module "~tx_test_seq.JESD204B_Top(RPAT_EN=0,JSPAT_EN=0)" has no driver, assigning undriven bits to Z, simulation mismatch possible("/n9k/share/gwsw/gowin_new/Gowin/V1.9/release/IDE/ipcore/SERDES_IP/IPlib/JESD204B/data/jesd204b_core_encryption.v":14005)
WARN  (EX0211) : The output port "o_jspat_data[0]" of module "~tx_test_seq.JESD204B_Top(RPAT_EN=0,JSPAT_EN=0)" has no driver, assigning undriven bits to Z, simulation mismatch possible("/n9k/share/gwsw/gowin_new/Gowin/V1.9/release/IDE/ipcore/SERDES_IP/IPlib/JESD204B/data/jesd204b_core_encryption.v":14005)
WARN  (EX0211) : The output port "o_tx_reinit_req" of module "~jesd204b_rx_lane.JESD204B_Top(INIT_F=3)" has no driver, assigning undriven bits to Z, simulation mismatch possible("/n9k/share/gwsw/gowin_new/Gowin/V1.9/release/IDE/ipcore/SERDES_IP/IPlib/JESD204B/data/jesd204b_core_encryption.v":14005)
WARN  (EX0211) : The output port "o_start_ela_det" of module "~jesd204b_rx_lane.JESD204B_Top(INIT_F=3)" has no driver, assigning undriven bits to Z, simulation mismatch possible("/n9k/share/gwsw/gowin_new/Gowin/V1.9/release/IDE/ipcore/SERDES_IP/IPlib/JESD204B/data/jesd204b_core_encryption.v":14005)
[5%] Running netlist conversion ...
WARN  (CV0020) : Input tx_cfg_addr_i[31:10] is unused("/n9k/share/gwsw/gowin_new/Gowin/V1.9/release/IDE/ipcore/SERDES_IP/IPlib/JESD204B/data/jesd204b_top.v":23)
WARN  (CV0020) : Input tx_cfg_addr_i[1:0] is unused("/n9k/share/gwsw/gowin_new/Gowin/V1.9/release/IDE/ipcore/SERDES_IP/IPlib/JESD204B/data/jesd204b_top.v":23)
WARN  (CV0020) : Input tx_cfg_wdata_i[31:21] is unused("/n9k/share/gwsw/gowin_new/Gowin/V1.9/release/IDE/ipcore/SERDES_IP/IPlib/JESD204B/data/jesd204b_top.v":28)
WARN  (CV0016) : Input tx_cfg_strb_i is unused("/n9k/share/gwsw/gowin_new/Gowin/V1.9/release/IDE/ipcore/SERDES_IP/IPlib/JESD204B/data/jesd204b_top.v":30)
WARN  (CV0020) : Input rx_cfg_addr_i[31:10] is unused("/n9k/share/gwsw/gowin_new/Gowin/V1.9/release/IDE/ipcore/SERDES_IP/IPlib/JESD204B/data/jesd204b_top.v":49)
WARN  (CV0020) : Input rx_cfg_addr_i[1:0] is unused("/n9k/share/gwsw/gowin_new/Gowin/V1.9/release/IDE/ipcore/SERDES_IP/IPlib/JESD204B/data/jesd204b_top.v":49)
WARN  (CV0020) : Input rx_cfg_wdata_i[31:13] is unused("/n9k/share/gwsw/gowin_new/Gowin/V1.9/release/IDE/ipcore/SERDES_IP/IPlib/JESD204B/data/jesd204b_top.v":54)
WARN  (CV0016) : Input rx_cfg_strb_i is unused("/n9k/share/gwsw/gowin_new/Gowin/V1.9/release/IDE/ipcore/SERDES_IP/IPlib/JESD204B/data/jesd204b_top.v":56)
WARN  (CV0020) : Input serdes_rxdata_i[175:172] is unused("/n9k/share/gwsw/gowin_new/Gowin/V1.9/release/IDE/ipcore/SERDES_IP/IPlib/JESD204B/data/jesd204b_top.v":66)
WARN  (CV0020) : Input serdes_rxdata_i[167:128] is unused("/n9k/share/gwsw/gowin_new/Gowin/V1.9/release/IDE/ipcore/SERDES_IP/IPlib/JESD204B/data/jesd204b_top.v":66)
WARN  (CV0020) : Input serdes_rxdata_i[87:84] is unused("/n9k/share/gwsw/gowin_new/Gowin/V1.9/release/IDE/ipcore/SERDES_IP/IPlib/JESD204B/data/jesd204b_top.v":66)
WARN  (CV0020) : Input serdes_rxdata_i[79:40] is unused("/n9k/share/gwsw/gowin_new/Gowin/V1.9/release/IDE/ipcore/SERDES_IP/IPlib/JESD204B/data/jesd204b_top.v":66)
WARN  (CV0018) : Input serdes_pcs_tx_clk_i[1] is unused("/n9k/share/gwsw/gowin_new/Gowin/V1.9/release/IDE/ipcore/SERDES_IP/IPlib/JESD204B/data/jesd204b_top.v":112)
WARN  (CV0018) : Input serdes_pcs_rx_clk_i[1] is unused("/n9k/share/gwsw/gowin_new/Gowin/V1.9/release/IDE/ipcore/SERDES_IP/IPlib/JESD204B/data/jesd204b_top.v":126)
Running device independent optimization ...
WARN  (DI0019) : Merging user defined instance "u_jesd204b_core/u2.u2_1.u_jesd204b_rx/rx_lane[1].u_jesd204b_rx_lane/u_rx_err_monitor/err_sample[19:0]" to instance "u_jesd204b_core/u2.u2_1.u_jesd204b_rx/rx_lane[0].u_jesd204b_rx_lane/u_rx_err_monitor/err_sample[19:0]", because they are equivalent. If you want to keep the instance, please apply property constraint syn_preserve = 1 on it("/n9k/share/gwsw/gowin_new/Gowin/V1.9/release/IDE/ipcore/SERDES_IP/IPlib/JESD204B/data/jesd204b_core_encryption.v":14005)
[10%] Optimizing Phase 0 completed
[15%] Optimizing Phase 1 completed
[25%] Optimizing Phase 2 completed
Running inference ...
[30%] Inferring Phase 0 completed
[40%] Inferring Phase 1 completed
[50%] Inferring Phase 2 completed
[55%] Inferring Phase 3 completed
Running technical mapping ...
[60%] Tech-Mapping Phase 0 completed
[65%] Tech-Mapping Phase 1 completed
[75%] Tech-Mapping Phase 2 completed
[80%] Tech-Mapping Phase 3 completed
[90%] Tech-Mapping Phase 4 completed
[95%] Generate netlist file "/n9k/sim/users/changhui/selfwork/IDE_test/project1/jesd204b_demo/src/serdes/jesd204b/temp/jesd204b/jesd204b.vg" completed
Generate template file "/n9k/sim/users/changhui/selfwork/IDE_test/project1/jesd204b_demo/src/serdes/jesd204b/temp/jesd204b/jesd204b_tmp.v" completed
[100%] Generate report file "/n9k/sim/users/changhui/selfwork/IDE_test/project1/jesd204b_demo/src/serdes/jesd204b/temp/jesd204b/jesd204b_syn.rpt.html" completed
GowinSynthesis finish
