Reading netlist file: "/home/mohammad/Documents/sipeed-primer_20k/Gowin-App/IDE/bin/led_water/FFT/impl/gwsynthesis/FFT.vg"
Parsing netlist file "/home/mohammad/Documents/sipeed-primer_20k/Gowin-App/IDE/bin/led_water/FFT/impl/gwsynthesis/FFT.vg" completed
Processing netlist completed
Parsing netlist file "/home/mohammad/Documents/sipeed-primer_20k/Gowin-App/IDE/bin/led_water/FFT/impl/gao/gao.v" completed
Processing netlist completed
Reading constraint file: "/home/mohammad/Documents/sipeed-primer_20k/Gowin-App/IDE/bin/led_water/FFT/src/FFT.cst"
Physical Constraint parsed completed
Running placement......
[10%] Placement Phase 0 completed
[20%] Placement Phase 1 completed
[30%] Placement Phase 2 completed
[50%] Placement Phase 3 completed
Running routing......
[60%] Routing Phase 0 completed
[70%] Routing Phase 1 completed
[80%] Routing Phase 2 completed
[90%] Routing Phase 3 completed
Running timing analysis......
[95%] Timing analysis completed
Placement and routing completed
Bitstream generation in progress......
Bitstream generation completed
Running power analysis......
[100%] Power analysis completed
Generate file "/home/mohammad/Documents/sipeed-primer_20k/Gowin-App/IDE/bin/led_water/FFT/impl/pnr/FFT.power.html" completed
Generate file "/home/mohammad/Documents/sipeed-primer_20k/Gowin-App/IDE/bin/led_water/FFT/impl/pnr/FFT.pin.html" completed
Generate file "/home/mohammad/Documents/sipeed-primer_20k/Gowin-App/IDE/bin/led_water/FFT/impl/pnr/FFT.rpt.html" completed
Generate file "/home/mohammad/Documents/sipeed-primer_20k/Gowin-App/IDE/bin/led_water/FFT/impl/pnr/FFT.rpt.txt" completed
Generate file "/home/mohammad/Documents/sipeed-primer_20k/Gowin-App/IDE/bin/led_water/FFT/impl/pnr/FFT.vo" completed
Generate file "/home/mohammad/Documents/sipeed-primer_20k/Gowin-App/IDE/bin/led_water/FFT/impl/pnr/FFT.tr.html" completed
Wed Oct 18 23:52:06 2023

